Invalid character (}) encountered while parsing (tag "?" with attributes). 
Invalid character (}) encountered while parsing (tag "?" with attributes). 
Invalid character ($) encountered while parsing (tag "?" with attributes). 
Invalid character ($) encountered while parsing (tag "?" with attributes). 
Invalid character (}) encountered while parsing (tag "?" with attributes). 
Invalid character (;) encountered while parsing (tag "?" with attributes). 
Invalid character (;) encountered while parsing (tag "?" with attributes). 
Invalid character (;) encountered while parsing (tag "?" with attributes). 
Invalid character (;) encountered while parsing (tag "?" with attributes). 
Invalid character (;) encountered while parsing (tag "?" with attributes). 
Invalid character (;) encountered while parsing (tag "?" with attributes). 
Invalid character (;) encountered while parsing (tag "?" with attributes). 
Invalid character (;) encountered while parsing (tag "?" with attributes). 
Invalid character (;) encountered while parsing (tag "?" with attributes). 
Invalid character (;) encountered while parsing (tag "?" with attributes). 
Invalid character (;) encountered while parsing (tag "?" with attributes). 
Invalid character (;) encountered while parsing (tag "?" with attributes). 
Invalid character (;) encountered while parsing (tag "?" with attributes). 
Invalid character (;) encountered while parsing (tag "?" with attributes). 
Invalid character (;) encountered while parsing (tag "?" with attributes). 
Invalid character (;) encountered while parsing (tag "?" with attributes). 
Invalid character (;) encountered while parsing (tag "?" with attributes). 
Invalid character (;) encountered while parsing (tag "?" with attributes). 
Invalid character ($) encountered while parsing (tag "?" with attributes). 
Invalid character ($) encountered while parsing (tag "?" with attributes). 
End of file encountered while parsing (tag "BODY" with attributes background=>). 
Invalid character (;) encountered while parsing (tag "?" with attributes). 
Invalid character (;) encountered while parsing (tag "?" with attributes). 
Invalid character (;) encountered while parsing (tag "?" with attributes). 
Invalid character (;) encountered while parsing (tag "?" with attributes). 
Invalid character (;) encountered while parsing (tag "?" with attributes). 
Invalid character (}) encountered while parsing (tag "?" with attributes). 
Invalid character (;) encountered while parsing (tag "?" with attributes). 
Invalid character (;) encountered while parsing (tag "?" with attributes). 
Invalid character ($) encountered while parsing (tag "?" with attributes). 
Invalid character ($) encountered while parsing (tag "?" with attributes). 
Invalid character ($) encountered while parsing (tag "?" with attributes). 
Invalid character ($) encountered while parsing (tag "?" with attributes). 
Invalid character (!) encountered while parsing (tag "?" with attributes). 
Invalid quoted string '$PrimApe' encountered while parsing (tag "?ECHO" with attributes). 
Invalid quoted string '$PrimApe $SegApe' encountered while parsing (tag "?ECHO" with attributes). 
Invalid quoted string '$PrimApe $SegApe $PrimNom' encountered while parsing (tag "?ECHO" with attributes). 
Invalid character ($) encountered while parsing (tag "?" with attributes). 
Invalid character (;) encountered while parsing (tag "?" with attributes). 
Invalid character ($) encountered while parsing (tag "?" with attributes). 
Invalid character (;) encountered while parsing (tag "?" with attributes). 
Invalid character (}) encountered while parsing (tag "?;}" with attributes). 
Invalid character (}) encountered while parsing (tag "?;}" with attributes). 
Invalid character (}) encountered while parsing (tag "?;}" with attributes). 
Invalid character (;) encountered while parsing (tag "?" with attributes). 
Invalid character (;) encountered while parsing (tag "?" with attributes). 
Invalid character (;) encountered while parsing (tag "?" with attributes). 
