Invalid character ($) encountered while parsing (tag "?" with attributes). 
Invalid character ($) encountered while parsing (tag "?" with attributes). 
Invalid character ($) encountered while parsing (tag "?" with attributes). 
Invalid character ($) encountered while parsing (tag "?" with attributes). 
Invalid character (;) encountered while parsing (tag "?" with attributes). 
Invalid character (;) encountered while parsing (tag "?" with attributes). 
Invalid character (;) encountered while parsing (tag "?" with attributes). 
Invalid character (;) encountered while parsing (tag "?" with attributes). 
Invalid character (;) encountered while parsing (tag "?" with attributes). 
Invalid character (;) encountered while parsing (tag "?" with attributes). 
Invalid character (;) encountered while parsing (tag "?" with attributes). 
Invalid character (;) encountered while parsing (tag "?" with attributes). 
Invalid character (;) encountered while parsing (tag "?" with attributes). 
Invalid character (;) encountered while parsing (tag "?" with attributes). 
Invalid character (;) encountered while parsing (tag "?" with attributes). 
Invalid character (;) encountered while parsing (tag "?" with attributes). 
Invalid character (;) encountered while parsing (tag "?" with attributes). 
Invalid character (;) encountered while parsing (tag "?" with attributes). 
Invalid character (;) encountered while parsing (tag "?" with attributes). 
Invalid character (;) encountered while parsing (tag "?" with attributes). 
Invalid character (;) encountered while parsing (tag "?" with attributes). 
Invalid character (;) encountered while parsing (tag "?" with attributes). 
Invalid character (;) encountered while parsing (tag "?" with attributes). 
Invalid character (;) encountered while parsing (tag "?" with attributes). 
Invalid character (;) encountered while parsing (tag "?" with attributes). 
Invalid character (;) encountered while parsing (tag "?" with attributes). 
Invalid character (;) encountered while parsing (tag "?" with attributes). 
Invalid character (;) encountered while parsing (tag "?" with attributes). 
Invalid character ($) encountered while parsing (tag "?" with attributes). 
Invalid character ($) encountered while parsing (tag "?" with attributes). 
Invalid character ($) encountered while parsing (tag "?" with attributes). 
Invalid character ($) encountered while parsing (tag "?" with attributes). 
Invalid character ($) encountered while parsing (tag "?" with attributes). 
Invalid character ($) encountered while parsing (tag "?" with attributes). 
Invalid character ($) encountered while parsing (tag "?" with attributes). 
Invalid character (;) encountered while parsing (tag "?" with attributes). 
Invalid character (;) encountered while parsing (tag "?" with attributes). 
Invalid character ($) encountered while parsing (tag "?" with attributes). 
Invalid character (}) encountered while parsing (tag "?" with attributes). 
Invalid character (}) encountered while parsing (tag "?" with attributes). 
Invalid character ($) encountered while parsing (tag "?" with attributes). 
Invalid character ($) encountered while parsing (tag "?" with attributes). 
Invalid character ($) encountered while parsing (tag "?" with attributes). 
Invalid character ($) encountered while parsing (tag "?" with attributes). 
Invalid character ($) encountered while parsing (tag "?" with attributes). 
Invalid character ($) encountered while parsing (tag "?" with attributes). 
Invalid character ($) encountered while parsing (tag "?" with attributes). 
Invalid character ($) encountered while parsing (tag "?" with attributes). 
Invalid character ($) encountered while parsing (tag "?" with attributes). 
Invalid character ($) encountered while parsing (tag "?" with attributes). 
Invalid character ($) encountered while parsing (tag "?" with attributes). 
Invalid character ($) encountered while parsing (tag "?" with attributes). 
Invalid character ($) encountered while parsing (tag "?" with attributes). 
Invalid character ($) encountered while parsing (tag "?" with attributes). 
Invalid character ($) encountered while parsing (tag "?" with attributes). 
Invalid character ($) encountered while parsing (tag "?" with attributes). 
Invalid character (;) encountered while parsing (tag "?" with attributes). 
Invalid character (;) encountered while parsing (tag "?" with attributes). 
Invalid character (}) encountered while parsing (tag "?" with attributes). 
Invalid character (}) encountered while parsing (tag "?" with attributes). 
Invalid character (;) encountered while parsing (tag "?" with attributes). 
Invalid character (;) encountered while parsing (tag "?" with attributes). 
Invalid character (;) encountered while parsing (tag "?" with attributes). 
Invalid character (;) encountered while parsing (tag "?" with attributes). 
Invalid character (;) encountered while parsing (tag "?" with attributes). 
Invalid character (;) encountered while parsing (tag "?" with attributes). 
Invalid character (;) encountered while parsing (tag "?" with attributes). 
Invalid character (;) encountered while parsing (tag "?" with attributes). 
Invalid character (;) encountered while parsing (tag "?" with attributes). 
Invalid character (;) encountered while parsing (tag "?" with attributes). 
Invalid character ($) encountered while parsing (tag "?" with attributes). 
Invalid character (;) encountered while parsing (tag "?" with attributes). 
Invalid character (;) encountered while parsing (tag "?" with attributes). 
Invalid character (;) encountered while parsing (tag "?" with attributes). 
Invalid character ($) encountered while parsing (tag "?" with attributes). 
Invalid character (;) encountered while parsing (tag "?" with attributes). 
Invalid character (;) encountered while parsing (tag "?" with attributes). 
Invalid character (;) encountered while parsing (tag "?" with attributes). 
Invalid character (;) encountered while parsing (tag "?" with attributes). 
Invalid character (;) encountered while parsing (tag "?" with attributes). 
Invalid character (;) encountered while parsing (tag "?" with attributes). 
Invalid character (}) encountered while parsing (tag "?" with attributes). 
Invalid character (}) encountered while parsing (tag "?" with attributes). 
Invalid character ($) encountered while parsing (tag "?" with attributes). 
Invalid character ($) encountered while parsing (tag "?" with attributes). 
Invalid character ($) encountered while parsing (tag "?" with attributes). 
Invalid character ($) encountered while parsing (tag "?" with attributes while=). 
Invalid character ($) encountered while parsing (tag "?" with attributes while=). 
Invalid character ($) encountered while parsing (tag "?" with attributes while=). 
Invalid character ($) encountered while parsing (tag "?" with attributes while=). 
Invalid character ($) encountered while parsing (tag "?" with attributes while=). 
Invalid character (;) encountered while parsing (tag "?" with attributes). 
Invalid character (;) encountered while parsing (tag "?" with attributes). 
Invalid character (;) encountered while parsing (tag "?" with attributes). 
Invalid character (;) encountered while parsing (tag "?" with attributes). 
Invalid character (;) encountered while parsing (tag "?" with attributes). 
Invalid character (;) encountered while parsing (tag "?" with attributes). 
Invalid character ($) encountered while parsing (tag "?" with attributes). 
Invalid character ($) encountered while parsing (tag "?" with attributes). 
Invalid character ($) encountered while parsing (tag "?" with attributes). 
Invalid character ($) encountered while parsing (tag "?" with attributes). 
Invalid character (}) encountered while parsing (tag "?" with attributes). 
Invalid character (}) encountered while parsing (tag "?" with attributes). 
Invalid character ($) encountered while parsing (tag "?" with attributes). 
Invalid character (;) encountered while parsing (tag "?" with attributes). 
Invalid character (;) encountered while parsing (tag "?" with attributes). 
Invalid character ($) encountered while parsing (tag "?ECHO" with attributes). 
Invalid character ($) encountered while parsing (tag "?ECHO" with attributes). 
Invalid character (;) encountered while parsing (tag "?" with attributes). 
Invalid character (;) encountered while parsing (tag "?" with attributes). 
Invalid character ($) encountered while parsing (tag "?" with attributes). 
Invalid character ($) encountered while parsing (tag "?" with attributes). 
Invalid character ($) encountered while parsing (tag "?ECHO" with attributes). 
Invalid quoted string '$filaCom[0] ' encountered while parsing (tag "?ECHO" with attributes). 
Invalid quoted string '$filaCom[0] $filaCom[1] ' encountered while parsing (tag "?ECHO" with attributes). 
Invalid character ($) encountered while parsing (tag "?" with attributes). 
Invalid character ($) encountered while parsing (tag "?" with attributes). 
Invalid character ($) encountered while parsing (tag "?" with attributes). 
Invalid character ($) encountered while parsing (tag "?" with attributes). 
Invalid character (;) encountered while parsing (tag "?" with attributes). 
Invalid character (;) encountered while parsing (tag "?" with attributes). 
Invalid character (;) encountered while parsing (tag "?" with attributes). 
Invalid character (;) encountered while parsing (tag "?" with attributes). 
Invalid character (;) encountered while parsing (tag "?" with attributes). 
Invalid character (}) encountered while parsing (tag "?" with attributes). 
Invalid character (}) encountered while parsing (tag "?" with attributes). 
Invalid character (}) encountered while parsing (tag "?" with attributes). 
Invalid character (;) encountered while parsing (tag "?" with attributes). 
Invalid character ($) encountered while parsing (tag "?" with attributes). 
Invalid character (;) encountered while parsing (tag "?" with attributes). 
Invalid character (;) encountered while parsing (tag "?" with attributes). 
